{"/Users/andrew/.openclaw/workspace-andrew/discord-tool/packages/client/src/index.ts": {"path":"/Users/andrew/.openclaw/workspace-andrew/discord-tool/packages/client/src/index.ts","statementMap":{"0":{"start":{"line":12,"column":6},"end":{"line":12,"column":49}},"1":{"start":{"line":13,"column":18},"end":{"line":13,"column":42}},"2":{"start":{"line":15,"column":20},"end":{"line":15,"column":null}},"3":{"start":{"line":16,"column":19},"end":{"line":16,"column":69}},"4":{"start":{"line":24,"column":33},"end":{"line":24,"column":null}},"5":{"start":{"line":27,"column":2},"end":{"line":27,"column":null}},"6":{"start":{"line":27,"column":19},"end":{"line":27,"column":null}},"7":{"start":{"line":29,"column":21},"end":{"line":29,"column":57}},"8":{"start":{"line":30,"column":2},"end":{"line":31,"column":null}},"9":{"start":{"line":31,"column":4},"end":{"line":31,"column":null}},"10":{"start":{"line":33,"column":17},"end":{"line":33,"column":65}},"11":{"start":{"line":34,"column":2},"end":{"line":34,"column":null}},"12":{"start":{"line":35,"column":2},"end":{"line":35,"column":null}},"13":{"start":{"line":39,"column":17},"end":{"line":39,"column":29}},"14":{"start":{"line":42,"column":2},"end":{"line":43,"column":null}},"15":{"start":{"line":43,"column":4},"end":{"line":43,"column":null}},"16":{"start":{"line":47,"column":2},"end":{"line":48,"column":null}},"17":{"start":{"line":48,"column":4},"end":{"line":48,"column":null}},"18":{"start":{"line":52,"column":2},"end":{"line":53,"column":null}},"19":{"start":{"line":53,"column":4},"end":{"line":53,"column":null}},"20":{"start":{"line":57,"column":2},"end":{"line":57,"column":null}},"21":{"start":{"line":62,"column":2},"end":{"line":63,"column":null}},"22":{"start":{"line":63,"column":4},"end":{"line":63,"column":null}},"23":{"start":{"line":68,"column":2},"end":{"line":68,"column":null}},"24":{"start":{"line":72,"column":17},"end":{"line":72,"column":29}},"25":{"start":{"line":73,"column":14},"end":{"line":73,"column":null}},"26":{"start":{"line":74,"column":19},"end":{"line":78,"column":4}},"27":{"start":{"line":79,"column":2},"end":{"line":79,"column":null}},"28":{"start":{"line":83,"column":2},"end":{"line":134,"column":null}},"29":{"start":{"line":84,"column":4},"end":{"line":86,"column":null}},"30":{"start":{"line":85,"column":6},"end":{"line":85,"column":null}},"31":{"start":{"line":86,"column":6},"end":{"line":86,"column":null}},"32":{"start":{"line":89,"column":19},"end":{"line":89,"column":31}},"33":{"start":{"line":90,"column":19},"end":{"line":90,"column":null}},"34":{"start":{"line":92,"column":10},"end":{"line":97,"column":null}},"35":{"start":{"line":93,"column":6},"end":{"line":93,"column":null}},"36":{"start":{"line":93,"column":20},"end":{"line":93,"column":null}},"37":{"start":{"line":94,"column":6},"end":{"line":94,"column":null}},"38":{"start":{"line":95,"column":6},"end":{"line":95,"column":null}},"39":{"start":{"line":96,"column":6},"end":{"line":96,"column":null}},"40":{"start":{"line":97,"column":6},"end":{"line":97,"column":null}},"41":{"start":{"line":100,"column":4},"end":{"line":103,"column":null}},"42":{"start":{"line":101,"column":6},"end":{"line":101,"column":null}},"43":{"start":{"line":105,"column":15},"end":{"line":105,"column":null}},"44":{"start":{"line":106,"column":4},"end":{"line":115,"column":null}},"45":{"start":{"line":107,"column":6},"end":{"line":107,"column":null}},"46":{"start":{"line":109,"column":6},"end":{"line":112,"column":null}},"47":{"start":{"line":110,"column":25},"end":{"line":110,"column":48}},"48":{"start":{"line":111,"column":8},"end":{"line":111,"column":null}},"49":{"start":{"line":117,"column":4},"end":{"line":124,"column":null}},"50":{"start":{"line":118,"column":6},"end":{"line":122,"column":null}},"51":{"start":{"line":119,"column":25},"end":{"line":119,"column":48}},"52":{"start":{"line":120,"column":8},"end":{"line":120,"column":null}},"53":{"start":{"line":122,"column":8},"end":{"line":122,"column":null}},"54":{"start":{"line":126,"column":4},"end":{"line":128,"column":null}},"55":{"start":{"line":127,"column":6},"end":{"line":127,"column":null}},"56":{"start":{"line":131,"column":22},"end":{"line":133,"column":12}},"57":{"start":{"line":132,"column":6},"end":{"line":132,"column":null}},"58":{"start":{"line":138,"column":2},"end":{"line":156,"column":null}},"59":{"start":{"line":140,"column":4},"end":{"line":156,"column":null}},"60":{"start":{"line":141,"column":21},"end":{"line":141,"column":58}},"61":{"start":{"line":142,"column":6},"end":{"line":144,"column":null}},"62":{"start":{"line":143,"column":8},"end":{"line":143,"column":null}},"63":{"start":{"line":144,"column":8},"end":{"line":144,"column":null}},"64":{"start":{"line":147,"column":6},"end":{"line":147,"column":null}},"65":{"start":{"line":148,"column":6},"end":{"line":148,"column":null}},"66":{"start":{"line":150,"column":6},"end":{"line":152,"column":null}},"67":{"start":{"line":150,"column":19},"end":{"line":150,"column":22}},"68":{"start":{"line":151,"column":8},"end":{"line":151,"column":null}},"69":{"start":{"line":151,"column":31},"end":{"line":151,"column":49}},"70":{"start":{"line":152,"column":8},"end":{"line":152,"column":null}},"71":{"start":{"line":152,"column":41},"end":{"line":152,"column":null}},"72":{"start":{"line":156,"column":6},"end":{"line":156,"column":null}},"73":{"start":{"line":160,"column":2},"end":{"line":160,"column":null}},"74":{"start":{"line":162,"column":2},"end":{"line":188,"column":null}},"75":{"start":{"line":164,"column":10},"end":{"line":167,"column":6}},"76":{"start":{"line":169,"column":4},"end":{"line":169,"column":null}},"77":{"start":{"line":171,"column":4},"end":{"line":173,"column":null}},"78":{"start":{"line":172,"column":6},"end":{"line":172,"column":null}},"79":{"start":{"line":175,"column":26},"end":{"line":184,"column":null}},"80":{"start":{"line":176,"column":6},"end":{"line":181,"column":null}},"81":{"start":{"line":176,"column":19},"end":{"line":176,"column":22}},"82":{"start":{"line":177,"column":8},"end":{"line":177,"column":null}},"83":{"start":{"line":177,"column":31},"end":{"line":177,"column":49}},"84":{"start":{"line":178,"column":8},"end":{"line":181,"column":null}},"85":{"start":{"line":179,"column":10},"end":{"line":179,"column":null}},"86":{"start":{"line":180,"column":10},"end":{"line":180,"column":null}},"87":{"start":{"line":181,"column":10},"end":{"line":181,"column":null}},"88":{"start":{"line":184,"column":6},"end":{"line":184,"column":null}},"89":{"start":{"line":187,"column":4},"end":{"line":187,"column":null}},"90":{"start":{"line":191,"column":16},"end":{"line":191,"column":29}},"91":{"start":{"line":193,"column":0},"end":{"line":196,"column":null}},"92":{"start":{"line":198,"column":0},"end":{"line":236,"column":null}},"93":{"start":{"line":204,"column":4},"end":{"line":234,"column":null}},"94":{"start":{"line":205,"column":6},"end":{"line":205,"column":null}},"95":{"start":{"line":206,"column":6},"end":{"line":206,"column":null}},"96":{"start":{"line":209,"column":6},"end":{"line":219,"column":null}},"97":{"start":{"line":210,"column":25},"end":{"line":210,"column":58}},"98":{"start":{"line":211,"column":24},"end":{"line":212,"column":null}},"99":{"start":{"line":212,"column":10},"end":{"line":212,"column":null}},"100":{"start":{"line":214,"column":8},"end":{"line":216,"column":null}},"101":{"start":{"line":215,"column":10},"end":{"line":215,"column":null}},"102":{"start":{"line":216,"column":10},"end":{"line":216,"column":null}},"103":{"start":{"line":218,"column":8},"end":{"line":218,"column":null}},"104":{"start":{"line":219,"column":8},"end":{"line":219,"column":null}},"105":{"start":{"line":222,"column":6},"end":{"line":222,"column":null}},"106":{"start":{"line":225,"column":21},"end":{"line":225,"column":58}},"107":{"start":{"line":226,"column":6},"end":{"line":226,"column":null}},"108":{"start":{"line":230,"column":6},"end":{"line":230,"column":null}},"109":{"start":{"line":230,"column":35},"end":{"line":230,"column":60}},"110":{"start":{"line":231,"column":6},"end":{"line":231,"column":null}},"111":{"start":{"line":233,"column":6},"end":{"line":233,"column":null}},"112":{"start":{"line":234,"column":6},"end":{"line":234,"column":null}},"113":{"start":{"line":238,"column":0},"end":{"line":306,"column":null}},"114":{"start":{"line":245,"column":4},"end":{"line":304,"column":null}},"115":{"start":{"line":246,"column":6},"end":{"line":246,"column":null}},"116":{"start":{"line":247,"column":28},"end":{"line":247,"column":56}},"117":{"start":{"line":249,"column":19},"end":{"line":249,"column":41}},"118":{"start":{"line":252,"column":6},"end":{"line":254,"column":null}},"119":{"start":{"line":253,"column":27},"end":{"line":253,"column":53}},"120":{"start":{"line":254,"column":8},"end":{"line":254,"column":null}},"121":{"start":{"line":257,"column":6},"end":{"line":263,"column":null}},"122":{"start":{"line":258,"column":29},"end":{"line":258,"column":107}},"123":{"start":{"line":259,"column":8},"end":{"line":263,"column":null}},"124":{"start":{"line":260,"column":10},"end":{"line":260,"column":null}},"125":{"start":{"line":260,"column":45},"end":{"line":260,"column":71}},"126":{"start":{"line":262,"column":10},"end":{"line":262,"column":null}},"127":{"start":{"line":263,"column":10},"end":{"line":263,"column":null}},"128":{"start":{"line":267,"column":6},"end":{"line":274,"column":null}},"129":{"start":{"line":269,"column":8},"end":{"line":269,"column":null}},"130":{"start":{"line":270,"column":8},"end":{"line":272,"column":null}},"131":{"start":{"line":271,"column":29},"end":{"line":271,"column":null}},"132":{"start":{"line":272,"column":10},"end":{"line":272,"column":null}},"133":{"start":{"line":274,"column":8},"end":{"line":274,"column":null}},"134":{"start":{"line":278,"column":46},"end":{"line":278,"column":48}},"135":{"start":{"line":279,"column":6},"end":{"line":282,"column":null}},"136":{"start":{"line":280,"column":23},"end":{"line":280,"column":null}},"137":{"start":{"line":281,"column":8},"end":{"line":281,"column":null}},"138":{"start":{"line":281,"column":31},"end":{"line":281,"column":null}},"139":{"start":{"line":282,"column":8},"end":{"line":282,"column":null}},"140":{"start":{"line":286,"column":28},"end":{"line":286,"column":56}},"141":{"start":{"line":288,"column":6},"end":{"line":288,"column":null}},"142":{"start":{"line":290,"column":6},"end":{"line":300,"column":null}},"143":{"start":{"line":291,"column":29},"end":{"line":291,"column":null}},"144":{"start":{"line":293,"column":25},"end":{"line":293,"column":null}},"145":{"start":{"line":295,"column":8},"end":{"line":295,"column":null}},"146":{"start":{"line":296,"column":8},"end":{"line":298,"column":null}},"147":{"start":{"line":297,"column":29},"end":{"line":297,"column":null}},"148":{"start":{"line":298,"column":10},"end":{"line":298,"column":null}},"149":{"start":{"line":300,"column":8},"end":{"line":300,"column":null}},"150":{"start":{"line":303,"column":6},"end":{"line":303,"column":null}},"151":{"start":{"line":304,"column":6},"end":{"line":304,"column":null}},"152":{"start":{"line":308,"column":0},"end":{"line":319,"column":null}},"153":{"start":{"line":312,"column":4},"end":{"line":317,"column":null}},"154":{"start":{"line":313,"column":21},"end":{"line":313,"column":57}},"155":{"start":{"line":314,"column":6},"end":{"line":314,"column":null}},"156":{"start":{"line":316,"column":6},"end":{"line":316,"column":null}},"157":{"start":{"line":317,"column":6},"end":{"line":317,"column":null}},"158":{"start":{"line":321,"column":0},"end":{"line":333,"column":null}},"159":{"start":{"line":326,"column":4},"end":{"line":331,"column":null}},"160":{"start":{"line":327,"column":21},"end":{"line":327,"column":62}},"161":{"start":{"line":328,"column":6},"end":{"line":328,"column":null}},"162":{"start":{"line":330,"column":6},"end":{"line":330,"column":null}},"163":{"start":{"line":331,"column":6},"end":{"line":331,"column":null}},"164":{"start":{"line":335,"column":0},"end":{"line":353,"column":null}},"165":{"start":{"line":341,"column":4},"end":{"line":351,"column":null}},"166":{"start":{"line":342,"column":21},"end":{"line":342,"column":33}},"167":{"start":{"line":343,"column":21},"end":{"line":347,"column":8}},"168":{"start":{"line":348,"column":6},"end":{"line":348,"column":null}},"169":{"start":{"line":350,"column":6},"end":{"line":350,"column":null}},"170":{"start":{"line":351,"column":6},"end":{"line":351,"column":null}},"171":{"start":{"line":355,"column":0},"end":{"line":366,"column":null}},"172":{"start":{"line":359,"column":4},"end":{"line":364,"column":null}},"173":{"start":{"line":360,"column":21},"end":{"line":360,"column":58}},"174":{"start":{"line":361,"column":6},"end":{"line":361,"column":null}},"175":{"start":{"line":363,"column":6},"end":{"line":363,"column":null}},"176":{"start":{"line":364,"column":6},"end":{"line":364,"column":null}},"177":{"start":{"line":368,"column":0},"end":{"line":379,"column":null}},"178":{"start":{"line":372,"column":4},"end":{"line":377,"column":null}},"179":{"start":{"line":373,"column":21},"end":{"line":373,"column":57}},"180":{"start":{"line":374,"column":6},"end":{"line":374,"column":null}},"181":{"start":{"line":376,"column":6},"end":{"line":376,"column":null}},"182":{"start":{"line":377,"column":6},"end":{"line":377,"column":null}},"183":{"start":{"line":381,"column":0},"end":{"line":392,"column":null}},"184":{"start":{"line":385,"column":4},"end":{"line":390,"column":null}},"185":{"start":{"line":386,"column":21},"end":{"line":386,"column":56}},"186":{"start":{"line":387,"column":6},"end":{"line":387,"column":null}},"187":{"start":{"line":389,"column":6},"end":{"line":389,"column":null}},"188":{"start":{"line":390,"column":6},"end":{"line":390,"column":null}},"189":{"start":{"line":394,"column":0},"end":{"line":405,"column":null}},"190":{"start":{"line":398,"column":4},"end":{"line":403,"column":null}},"191":{"start":{"line":399,"column":21},"end":{"line":399,"column":57}},"192":{"start":{"line":400,"column":6},"end":{"line":400,"column":null}},"193":{"start":{"line":402,"column":6},"end":{"line":402,"column":null}},"194":{"start":{"line":403,"column":6},"end":{"line":403,"column":null}},"195":{"start":{"line":407,"column":0},"end":{"line":418,"column":null}},"196":{"start":{"line":411,"column":4},"end":{"line":416,"column":null}},"197":{"start":{"line":412,"column":21},"end":{"line":412,"column":58}},"198":{"start":{"line":413,"column":6},"end":{"line":413,"column":null}},"199":{"start":{"line":415,"column":6},"end":{"line":415,"column":null}},"200":{"start":{"line":416,"column":6},"end":{"line":416,"column":null}},"201":{"start":{"line":420,"column":0},"end":{"line":431,"column":null}},"202":{"start":{"line":424,"column":4},"end":{"line":429,"column":null}},"203":{"start":{"line":425,"column":21},"end":{"line":425,"column":57}},"204":{"start":{"line":426,"column":6},"end":{"line":426,"column":null}},"205":{"start":{"line":428,"column":6},"end":{"line":428,"column":null}},"206":{"start":{"line":429,"column":6},"end":{"line":429,"column":null}},"207":{"start":{"line":433,"column":0},"end":{"line":475,"column":null}},"208":{"start":{"line":439,"column":25},"end":{"line":439,"column":null}},"209":{"start":{"line":440,"column":4},"end":{"line":473,"column":null}},"210":{"start":{"line":441,"column":20},"end":{"line":441,"column":null}},"211":{"start":{"line":444,"column":6},"end":{"line":453,"column":null}},"212":{"start":{"line":445,"column":23},"end":{"line":445,"column":60}},"213":{"start":{"line":446,"column":8},"end":{"line":450,"column":null}},"214":{"start":{"line":447,"column":10},"end":{"line":447,"column":null}},"215":{"start":{"line":449,"column":10},"end":{"line":449,"column":null}},"216":{"start":{"line":450,"column":10},"end":{"line":450,"column":null}},"217":{"start":{"line":453,"column":8},"end":{"line":453,"column":null}},"218":{"start":{"line":457,"column":6},"end":{"line":464,"column":null}},"219":{"start":{"line":458,"column":23},"end":{"line":458,"column":60}},"220":{"start":{"line":459,"column":8},"end":{"line":462,"column":null}},"221":{"start":{"line":460,"column":25},"end":{"line":460,"column":70}},"222":{"start":{"line":461,"column":10},"end":{"line":461,"column":null}},"223":{"start":{"line":462,"column":10},"end":{"line":462,"column":null}},"224":{"start":{"line":469,"column":23},"end":{"line":469,"column":57}},"225":{"start":{"line":470,"column":6},"end":{"line":470,"column":null}},"226":{"start":{"line":472,"column":6},"end":{"line":472,"column":null}},"227":{"start":{"line":473,"column":6},"end":{"line":473,"column":null}},"228":{"start":{"line":477,"column":0},"end":{"line":477,"column":null}}},"fnMap":{"0":{"name":"loadConfig","decl":{"start":{"line":26,"column":9},"end":{"line":26,"column":30}},"loc":{"start":{"line":26,"column":30},"end":{"line":35,"column":null}},"line":26},"1":{"name":"resolveGuildId","decl":{"start":{"line":38,"column":9},"end":{"line":38,"column":24}},"loc":{"start":{"line":38,"column":47},"end":{"line":57,"column":null}},"line":38},"2":{"name":"resolveChannelId","decl":{"start":{"line":60,"column":9},"end":{"line":60,"column":26}},"loc":{"start":{"line":60,"column":66},"end":{"line":68,"column":null}},"line":60},"3":{"name":"fetchGuildChannels","decl":{"start":{"line":71,"column":15},"end":{"line":71,"column":34}},"loc":{"start":{"line":71,"column":67},"end":{"line":79,"column":null}},"line":71},"4":{"name":"sendCommand","decl":{"start":{"line":82,"column":15},"end":{"line":82,"column":27}},"loc":{"start":{"line":82,"column":51},"end":{"line":134,"column":null}},"line":82},"5":{"name":"(anonymous_5)","decl":{"start":{"line":83,"column":13},"end":{"line":83,"column":22}},"loc":{"start":{"line":83,"column":42},"end":{"line":134,"column":null}},"line":83},"6":{"name":"(anonymous_6)","decl":{"start":{"line":92,"column":10},"end":{"line":92,"column":20}},"loc":{"start":{"line":92,"column":38},"end":{"line":97,"column":null}},"line":92},"7":{"name":"(anonymous_7)","decl":{"start":{"line":100,"column":19},"end":{"line":100,"column":38}},"loc":{"start":{"line":100,"column":38},"end":{"line":103,"column":null}},"line":100},"8":{"name":"(anonymous_8)","decl":{"start":{"line":106,"column":14},"end":{"line":106,"column":23}},"loc":{"start":{"line":106,"column":41},"end":{"line":115,"column":null}},"line":106},"9":{"name":"(anonymous_9)","decl":{"start":{"line":117,"column":14},"end":{"line":117,"column":27}},"loc":{"start":{"line":117,"column":27},"end":{"line":124,"column":null}},"line":117},"10":{"name":"(anonymous_10)","decl":{"start":{"line":126,"column":14},"end":{"line":126,"column":24}},"loc":{"start":{"line":126,"column":39},"end":{"line":128,"column":null}},"line":126},"11":{"name":"(anonymous_11)","decl":{"start":{"line":131,"column":22},"end":{"line":131,"column":39}},"loc":{"start":{"line":131,"column":39},"end":{"line":133,"column":12}},"line":131},"12":{"name":"ensureServerRunning","decl":{"start":{"line":137,"column":15},"end":{"line":137,"column":35}},"loc":{"start":{"line":137,"column":86},"end":{"line":188,"column":null}},"line":137},"13":{"name":"(anonymous_13)","decl":{"start":{"line":151,"column":18},"end":{"line":151,"column":26}},"loc":{"start":{"line":151,"column":31},"end":{"line":151,"column":49}},"line":151},"14":{"name":"(anonymous_14)","decl":{"start":{"line":162,"column":13},"end":{"line":162,"column":22}},"loc":{"start":{"line":162,"column":42},"end":{"line":188,"column":null}},"line":162},"15":{"name":"(anonymous_15)","decl":{"start":{"line":171,"column":13},"end":{"line":171,"column":23}},"loc":{"start":{"line":171,"column":31},"end":{"line":173,"column":null}},"line":171},"16":{"name":"(anonymous_16)","decl":{"start":{"line":175,"column":26},"end":{"line":175,"column":38}},"loc":{"start":{"line":175,"column":38},"end":{"line":184,"column":null}},"line":175},"17":{"name":"(anonymous_17)","decl":{"start":{"line":177,"column":18},"end":{"line":177,"column":26}},"loc":{"start":{"line":177,"column":31},"end":{"line":177,"column":49}},"line":177},"18":{"name":"(anonymous_18)","decl":{"start":{"line":203,"column":10},"end":{"line":203,"column":17}},"loc":{"start":{"line":203,"column":56},"end":{"line":236,"column":null}},"line":203},"19":{"name":"(anonymous_19)","decl":{"start":{"line":211,"column":33},"end":{"line":211,"column":39}},"loc":{"start":{"line":212,"column":10},"end":{"line":212,"column":null}},"line":212},"20":{"name":"(anonymous_20)","decl":{"start":{"line":230,"column":16},"end":{"line":230,"column":24}},"loc":{"start":{"line":230,"column":35},"end":{"line":230,"column":60}},"line":230},"21":{"name":"(anonymous_21)","decl":{"start":{"line":244,"column":10},"end":{"line":244,"column":17}},"loc":{"start":{"line":244,"column":34},"end":{"line":306,"column":null}},"line":244},"22":{"name":"(anonymous_22)","decl":{"start":{"line":260,"column":26},"end":{"line":260,"column":34}},"loc":{"start":{"line":260,"column":45},"end":{"line":260,"column":71}},"line":260},"23":{"name":"(anonymous_23)","decl":{"start":{"line":311,"column":10},"end":{"line":311,"column":22}},"loc":{"start":{"line":311,"column":22},"end":{"line":319,"column":null}},"line":311},"24":{"name":"(anonymous_24)","decl":{"start":{"line":325,"column":10},"end":{"line":325,"column":17}},"loc":{"start":{"line":325,"column":34},"end":{"line":333,"column":null}},"line":325},"25":{"name":"(anonymous_25)","decl":{"start":{"line":340,"column":10},"end":{"line":340,"column":17}},"loc":{"start":{"line":340,"column":48},"end":{"line":353,"column":null}},"line":340},"26":{"name":"(anonymous_26)","decl":{"start":{"line":358,"column":10},"end":{"line":358,"column":22}},"loc":{"start":{"line":358,"column":22},"end":{"line":366,"column":null}},"line":358},"27":{"name":"(anonymous_27)","decl":{"start":{"line":371,"column":10},"end":{"line":371,"column":22}},"loc":{"start":{"line":371,"column":22},"end":{"line":379,"column":null}},"line":371},"28":{"name":"(anonymous_28)","decl":{"start":{"line":384,"column":10},"end":{"line":384,"column":22}},"loc":{"start":{"line":384,"column":22},"end":{"line":392,"column":null}},"line":384},"29":{"name":"(anonymous_29)","decl":{"start":{"line":397,"column":10},"end":{"line":397,"column":22}},"loc":{"start":{"line":397,"column":22},"end":{"line":405,"column":null}},"line":397},"30":{"name":"(anonymous_30)","decl":{"start":{"line":410,"column":10},"end":{"line":410,"column":22}},"loc":{"start":{"line":410,"column":22},"end":{"line":418,"column":null}},"line":410},"31":{"name":"(anonymous_31)","decl":{"start":{"line":423,"column":10},"end":{"line":423,"column":22}},"loc":{"start":{"line":423,"column":22},"end":{"line":431,"column":null}},"line":423},"32":{"name":"(anonymous_32)","decl":{"start":{"line":438,"column":10},"end":{"line":438,"column":17}},"loc":{"start":{"line":438,"column":34},"end":{"line":475,"column":null}},"line":438}},"branchMap":{"0":{"loc":{"start":{"line":27,"column":2},"end":{"line":27,"column":null}},"type":"if","locations":[{"start":{"line":27,"column":2},"end":{"line":27,"column":null}},{"start":{},"end":{}}],"line":27},"1":{"loc":{"start":{"line":30,"column":2},"end":{"line":31,"column":null}},"type":"if","locations":[{"start":{"line":30,"column":2},"end":{"line":31,"column":null}},{"start":{},"end":{}}],"line":30},"2":{"loc":{"start":{"line":42,"column":2},"end":{"line":43,"column":null}},"type":"if","locations":[{"start":{"line":42,"column":2},"end":{"line":43,"column":null}},{"start":{},"end":{}}],"line":42},"3":{"loc":{"start":{"line":42,"column":6},"end":{"line":42,"column":30}},"type":"binary-expr","locations":[{"start":{"line":42,"column":6},"end":{"line":42,"column":16}},{"start":{"line":42,"column":16},"end":{"line":42,"column":30}}],"line":42},"4":{"loc":{"start":{"line":47,"column":2},"end":{"line":48,"column":null}},"type":"if","locations":[{"start":{"line":47,"column":2},"end":{"line":48,"column":null}},{"start":{},"end":{}}],"line":47},"5":{"loc":{"start":{"line":52,"column":2},"end":{"line":53,"column":null}},"type":"if","locations":[{"start":{"line":52,"column":2},"end":{"line":53,"column":null}},{"start":{},"end":{}}],"line":52},"6":{"loc":{"start":{"line":52,"column":6},"end":{"line":52,"column":47}},"type":"binary-expr","locations":[{"start":{"line":52,"column":6},"end":{"line":52,"column":23}},{"start":{"line":52,"column":23},"end":{"line":52,"column":47}}],"line":52},"7":{"loc":{"start":{"line":62,"column":2},"end":{"line":63,"column":null}},"type":"if","locations":[{"start":{"line":62,"column":2},"end":{"line":63,"column":null}},{"start":{},"end":{}}],"line":62},"8":{"loc":{"start":{"line":84,"column":4},"end":{"line":86,"column":null}},"type":"if","locations":[{"start":{"line":84,"column":4},"end":{"line":86,"column":null}},{"start":{},"end":{}}],"line":84},"9":{"loc":{"start":{"line":93,"column":6},"end":{"line":93,"column":null}},"type":"if","locations":[{"start":{"line":93,"column":6},"end":{"line":93,"column":null}},{"start":{},"end":{}}],"line":93},"10":{"loc":{"start":{"line":138,"column":2},"end":{"line":156,"column":null}},"type":"if","locations":[{"start":{"line":138,"column":2},"end":{"line":156,"column":null}},{"start":{},"end":{}}],"line":138},"11":{"loc":{"start":{"line":142,"column":6},"end":{"line":144,"column":null}},"type":"if","locations":[{"start":{"line":142,"column":6},"end":{"line":144,"column":null}},{"start":{},"end":{}}],"line":142},"12":{"loc":{"start":{"line":152,"column":8},"end":{"line":152,"column":null}},"type":"if","locations":[{"start":{"line":152,"column":8},"end":{"line":152,"column":null}},{"start":{},"end":{}}],"line":152},"13":{"loc":{"start":{"line":178,"column":8},"end":{"line":181,"column":null}},"type":"if","locations":[{"start":{"line":178,"column":8},"end":{"line":181,"column":null}},{"start":{},"end":{}}],"line":178},"14":{"loc":{"start":{"line":209,"column":6},"end":{"line":219,"column":null}},"type":"if","locations":[{"start":{"line":209,"column":6},"end":{"line":219,"column":null}},{"start":{},"end":{}}],"line":209},"15":{"loc":{"start":{"line":212,"column":10},"end":{"line":212,"column":null}},"type":"binary-expr","locations":[{"start":{"line":212,"column":10},"end":{"line":212,"column":59}},{"start":{"line":212,"column":63},"end":{"line":212,"column":null}}],"line":212},"16":{"loc":{"start":{"line":214,"column":8},"end":{"line":216,"column":null}},"type":"if","locations":[{"start":{"line":214,"column":8},"end":{"line":216,"column":null}},{"start":{},"end":{}}],"line":214},"17":{"loc":{"start":{"line":252,"column":6},"end":{"line":254,"column":null}},"type":"if","locations":[{"start":{"line":252,"column":6},"end":{"line":254,"column":null}},{"start":{},"end":{}}],"line":252},"18":{"loc":{"start":{"line":257,"column":6},"end":{"line":263,"column":null}},"type":"if","locations":[{"start":{"line":257,"column":6},"end":{"line":263,"column":null}},{"start":{},"end":{}}],"line":257},"19":{"loc":{"start":{"line":259,"column":8},"end":{"line":263,"column":null}},"type":"if","locations":[{"start":{"line":259,"column":8},"end":{"line":263,"column":null}},{"start":{"line":261,"column":15},"end":{"line":263,"column":null}}],"line":259},"20":{"loc":{"start":{"line":259,"column":12},"end":{"line":259,"column":66}},"type":"binary-expr","locations":[{"start":{"line":259,"column":12},"end":{"line":259,"column":39}},{"start":{"line":259,"column":39},"end":{"line":259,"column":66}}],"line":259},"21":{"loc":{"start":{"line":267,"column":6},"end":{"line":274,"column":null}},"type":"if","locations":[{"start":{"line":267,"column":6},"end":{"line":274,"column":null}},{"start":{},"end":{}}],"line":267},"22":{"loc":{"start":{"line":271,"column":29},"end":{"line":271,"column":null}},"type":"cond-expr","locations":[{"start":{"line":271,"column":57},"end":{"line":271,"column":63}},{"start":{"line":271,"column":63},"end":{"line":271,"column":null}}],"line":271},"23":{"loc":{"start":{"line":281,"column":8},"end":{"line":281,"column":null}},"type":"if","locations":[{"start":{"line":281,"column":8},"end":{"line":281,"column":null}},{"start":{},"end":{}}],"line":281},"24":{"loc":{"start":{"line":297,"column":29},"end":{"line":297,"column":null}},"type":"cond-expr","locations":[{"start":{"line":297,"column":57},"end":{"line":297,"column":63}},{"start":{"line":297,"column":63},"end":{"line":297,"column":null}}],"line":297},"25":{"loc":{"start":{"line":346,"column":15},"end":{"line":346,"column":null}},"type":"binary-expr","locations":[{"start":{"line":346,"column":15},"end":{"line":346,"column":32}},{"start":{"line":346,"column":32},"end":{"line":346,"column":58}},{"start":{"line":346,"column":58},"end":{"line":346,"column":null}}],"line":346},"26":{"loc":{"start":{"line":444,"column":6},"end":{"line":453,"column":null}},"type":"if","locations":[{"start":{"line":444,"column":6},"end":{"line":453,"column":null}},{"start":{"line":452,"column":13},"end":{"line":453,"column":null}}],"line":444},"27":{"loc":{"start":{"line":446,"column":8},"end":{"line":450,"column":null}},"type":"if","locations":[{"start":{"line":446,"column":8},"end":{"line":450,"column":null}},{"start":{"line":448,"column":15},"end":{"line":450,"column":null}}],"line":446},"28":{"loc":{"start":{"line":446,"column":12},"end":{"line":446,"column":50}},"type":"binary-expr","locations":[{"start":{"line":446,"column":12},"end":{"line":446,"column":32}},{"start":{"line":446,"column":32},"end":{"line":446,"column":50}}],"line":446},"29":{"loc":{"start":{"line":459,"column":8},"end":{"line":462,"column":null}},"type":"if","locations":[{"start":{"line":459,"column":8},"end":{"line":462,"column":null}},{"start":{},"end":{}}],"line":459},"30":{"loc":{"start":{"line":459,"column":12},"end":{"line":459,"column":62}},"type":"binary-expr","locations":[{"start":{"line":459,"column":12},"end":{"line":459,"column":32}},{"start":{"line":459,"column":32},"end":{"line":459,"column":62}}],"line":459}},"s":{"0":0,"1":0,"2":0,"3":0,"4":0,"5":0,"6":0,"7":0,"8":0,"9":0,"10":0,"11":0,"12":0,"13":0,"14":0,"15":0,"16":0,"17":0,"18":0,"19":0,"20":0,"21":0,"22":0,"23":0,"24":0,"25":0,"26":0,"27":0,"28":0,"29":0,"30":0,"31":0,"32":0,"33":0,"34":0,"35":0,"36":0,"37":0,"38":0,"39":0,"40":0,"41":0,"42":0,"43":0,"44":0,"45":0,"46":0,"47":0,"48":0,"49":0,"50":0,"51":0,"52":0,"53":0,"54":0,"55":0,"56":0,"57":0,"58":0,"59":0,"60":0,"61":0,"62":0,"63":0,"64":0,"65":0,"66":0,"67":0,"68":0,"69":0,"70":0,"71":0,"72":0,"73":0,"74":0,"75":0,"76":0,"77":0,"78":0,"79":0,"80":0,"81":0,"82":0,"83":0,"84":0,"85":0,"86":0,"87":0,"88":0,"89":0,"90":0,"91":0,"92":0,"93":0,"94":0,"95":0,"96":0,"97":0,"98":0,"99":0,"100":0,"101":0,"102":0,"103":0,"104":0,"105":0,"106":0,"107":0,"108":0,"109":0,"110":0,"111":0,"112":0,"113":0,"114":0,"115":0,"116":0,"117":0,"118":0,"119":0,"120":0,"121":0,"122":0,"123":0,"124":0,"125":0,"126":0,"127":0,"128":0,"129":0,"130":0,"131":0,"132":0,"133":0,"134":0,"135":0,"136":0,"137":0,"138":0,"139":0,"140":0,"141":0,"142":0,"143":0,"144":0,"145":0,"146":0,"147":0,"148":0,"149":0,"150":0,"151":0,"152":0,"153":0,"154":0,"155":0,"156":0,"157":0,"158":0,"159":0,"160":0,"161":0,"162":0,"163":0,"164":0,"165":0,"166":0,"167":0,"168":0,"169":0,"170":0,"171":0,"172":0,"173":0,"174":0,"175":0,"176":0,"177":0,"178":0,"179":0,"180":0,"181":0,"182":0,"183":0,"184":0,"185":0,"186":0,"187":0,"188":0,"189":0,"190":0,"191":0,"192":0,"193":0,"194":0,"195":0,"196":0,"197":0,"198":0,"199":0,"200":0,"201":0,"202":0,"203":0,"204":0,"205":0,"206":0,"207":0,"208":0,"209":0,"210":0,"211":0,"212":0,"213":0,"214":0,"215":0,"216":0,"217":0,"218":0,"219":0,"220":0,"221":0,"222":0,"223":0,"224":0,"225":0,"226":0,"227":0,"228":0},"f":{"0":0,"1":0,"2":0,"3":0,"4":0,"5":0,"6":0,"7":0,"8":0,"9":0,"10":0,"11":0,"12":0,"13":0,"14":0,"15":0,"16":0,"17":0,"18":0,"19":0,"20":0,"21":0,"22":0,"23":0,"24":0,"25":0,"26":0,"27":0,"28":0,"29":0,"30":0,"31":0,"32":0},"b":{"0":[0,0],"1":[0,0],"2":[0,0],"3":[0,0],"4":[0,0],"5":[0,0],"6":[0,0],"7":[0,0],"8":[0,0],"9":[0,0],"10":[0,0],"11":[0,0],"12":[0,0],"13":[0,0],"14":[0,0],"15":[0,0],"16":[0,0],"17":[0,0],"18":[0,0],"19":[0,0],"20":[0,0],"21":[0,0],"22":[0,0],"23":[0,0],"24":[0,0],"25":[0,0,0],"26":[0,0],"27":[0,0],"28":[0,0],"29":[0,0],"30":[0,0]},"meta":{"lastBranch":31,"lastFunction":33,"lastStatement":229,"seen":{"s:12:6:12:49":0,"s:13:18:13:42":1,"s:15:20:15:Infinity":2,"s:16:19:16:69":3,"s:24:33:24:Infinity":4,"f:26:9:26:30":0,"b:27:2:27:Infinity:undefined:undefined:undefined:undefined":0,"s:27:2:27:Infinity":5,"s:27:19:27:Infinity":6,"s:29:21:29:57":7,"b:30:2:31:Infinity:undefined:undefined:undefined:undefined":1,"s:30:2:31:Infinity":8,"s:31:4:31:Infinity":9,"s:33:17:33:65":10,"s:34:2:34:Infinity":11,"s:35:2:35:Infinity":12,"f:38:9:38:24":1,"s:39:17:39:29":13,"b:42:2:43:Infinity:undefined:undefined:undefined:undefined":2,"s:42:2:43:Infinity":14,"b:42:6:42:16:42:16:42:30":3,"s:43:4:43:Infinity":15,"b:47:2:48:Infinity:undefined:undefined:undefined:undefined":4,"s:47:2:48:Infinity":16,"s:48:4:48:Infinity":17,"b:52:2:53:Infinity:undefined:undefined:undefined:undefined":5,"s:52:2:53:Infinity":18,"b:52:6:52:23:52:23:52:47":6,"s:53:4:53:Infinity":19,"s:57:2:57:Infinity":20,"f:60:9:60:26":2,"b:62:2:63:Infinity:undefined:undefined:undefined:undefined":7,"s:62:2:63:Infinity":21,"s:63:4:63:Infinity":22,"s:68:2:68:Infinity":23,"f:71:15:71:34":3,"s:72:17:72:29":24,"s:73:14:73:Infinity":25,"s:74:19:78:4":26,"s:79:2:79:Infinity":27,"f:82:15:82:27":4,"s:83:2:134:Infinity":28,"f:83:13:83:22":5,"b:84:4:86:Infinity:undefined:undefined:undefined:undefined":8,"s:84:4:86:Infinity":29,"s:85:6:85:Infinity":30,"s:86:6:86:Infinity":31,"s:89:19:89:31":32,"s:90:19:90:Infinity":33,"s:92:10:97:Infinity":34,"f:92:10:92:20":6,"b:93:6:93:Infinity:undefined:undefined:undefined:undefined":9,"s:93:6:93:Infinity":35,"s:93:20:93:Infinity":36,"s:94:6:94:Infinity":37,"s:95:6:95:Infinity":38,"s:96:6:96:Infinity":39,"s:97:6:97:Infinity":40,"s:100:4:103:Infinity":41,"f:100:19:100:38":7,"s:101:6:101:Infinity":42,"s:105:15:105:Infinity":43,"s:106:4:115:Infinity":44,"f:106:14:106:23":8,"s:107:6:107:Infinity":45,"s:109:6:112:Infinity":46,"s:110:25:110:48":47,"s:111:8:111:Infinity":48,"s:117:4:124:Infinity":49,"f:117:14:117:27":9,"s:118:6:122:Infinity":50,"s:119:25:119:48":51,"s:120:8:120:Infinity":52,"s:122:8:122:Infinity":53,"s:126:4:128:Infinity":54,"f:126:14:126:24":10,"s:127:6:127:Infinity":55,"s:131:22:133:12":56,"f:131:22:131:39":11,"s:132:6:132:Infinity":57,"f:137:15:137:35":12,"b:138:2:156:Infinity:undefined:undefined:undefined:undefined":10,"s:138:2:156:Infinity":58,"s:140:4:156:Infinity":59,"s:141:21:141:58":60,"b:142:6:144:Infinity:undefined:undefined:undefined:undefined":11,"s:142:6:144:Infinity":61,"s:143:8:143:Infinity":62,"s:144:8:144:Infinity":63,"s:147:6:147:Infinity":64,"s:148:6:148:Infinity":65,"s:150:6:152:Infinity":66,"s:150:19:150:22":67,"s:151:8:151:Infinity":68,"f:151:18:151:26":13,"s:151:31:151:49":69,"b:152:8:152:Infinity:undefined:undefined:undefined:undefined":12,"s:152:8:152:Infinity":70,"s:152:41:152:Infinity":71,"s:156:6:156:Infinity":72,"s:160:2:160:Infinity":73,"s:162:2:188:Infinity":74,"f:162:13:162:22":14,"s:164:10:167:6":75,"s:169:4:169:Infinity":76,"s:171:4:173:Infinity":77,"f:171:13:171:23":15,"s:172:6:172:Infinity":78,"s:175:26:184:Infinity":79,"f:175:26:175:38":16,"s:176:6:181:Infinity":80,"s:176:19:176:22":81,"s:177:8:177:Infinity":82,"f:177:18:177:26":17,"s:177:31:177:49":83,"b:178:8:181:Infinity:undefined:undefined:undefined:undefined":13,"s:178:8:181:Infinity":84,"s:179:10:179:Infinity":85,"s:180:10:180:Infinity":86,"s:181:10:181:Infinity":87,"s:184:6:184:Infinity":88,"s:187:4:187:Infinity":89,"s:191:16:191:29":90,"s:193:0:196:Infinity":91,"s:198:0:236:Infinity":92,"f:203:10:203:17":18,"s:204:4:234:Infinity":93,"s:205:6:205:Infinity":94,"s:206:6:206:Infinity":95,"b:209:6:219:Infinity:undefined:undefined:undefined:undefined":14,"s:209:6:219:Infinity":96,"s:210:25:210:58":97,"s:211:24:212:Infinity":98,"f:211:33:211:39":19,"s:212:10:212:Infinity":99,"b:212:10:212:59:212:63:212:Infinity":15,"b:214:8:216:Infinity:undefined:undefined:undefined:undefined":16,"s:214:8:216:Infinity":100,"s:215:10:215:Infinity":101,"s:216:10:216:Infinity":102,"s:218:8:218:Infinity":103,"s:219:8:219:Infinity":104,"s:222:6:222:Infinity":105,"s:225:21:225:58":106,"s:226:6:226:Infinity":107,"s:230:6:230:Infinity":108,"f:230:16:230:24":20,"s:230:35:230:60":109,"s:231:6:231:Infinity":110,"s:233:6:233:Infinity":111,"s:234:6:234:Infinity":112,"s:238:0:306:Infinity":113,"f:244:10:244:17":21,"s:245:4:304:Infinity":114,"s:246:6:246:Infinity":115,"s:247:28:247:56":116,"s:249:19:249:41":117,"b:252:6:254:Infinity:undefined:undefined:undefined:undefined":17,"s:252:6:254:Infinity":118,"s:253:27:253:53":119,"s:254:8:254:Infinity":120,"b:257:6:263:Infinity:undefined:undefined:undefined:undefined":18,"s:257:6:263:Infinity":121,"s:258:29:258:107":122,"b:259:8:263:Infinity:261:15:263:Infinity":19,"s:259:8:263:Infinity":123,"b:259:12:259:39:259:39:259:66":20,"s:260:10:260:Infinity":124,"f:260:26:260:34":22,"s:260:45:260:71":125,"s:262:10:262:Infinity":126,"s:263:10:263:Infinity":127,"b:267:6:274:Infinity:undefined:undefined:undefined:undefined":21,"s:267:6:274:Infinity":128,"s:269:8:269:Infinity":129,"s:270:8:272:Infinity":130,"s:271:29:271:Infinity":131,"b:271:57:271:63:271:63:271:Infinity":22,"s:272:10:272:Infinity":132,"s:274:8:274:Infinity":133,"s:278:46:278:48":134,"s:279:6:282:Infinity":135,"s:280:23:280:Infinity":136,"b:281:8:281:Infinity:undefined:undefined:undefined:undefined":23,"s:281:8:281:Infinity":137,"s:281:31:281:Infinity":138,"s:282:8:282:Infinity":139,"s:286:28:286:56":140,"s:288:6:288:Infinity":141,"s:290:6:300:Infinity":142,"s:291:29:291:Infinity":143,"s:293:25:293:Infinity":144,"s:295:8:295:Infinity":145,"s:296:8:298:Infinity":146,"s:297:29:297:Infinity":147,"b:297:57:297:63:297:63:297:Infinity":24,"s:298:10:298:Infinity":148,"s:300:8:300:Infinity":149,"s:303:6:303:Infinity":150,"s:304:6:304:Infinity":151,"s:308:0:319:Infinity":152,"f:311:10:311:22":23,"s:312:4:317:Infinity":153,"s:313:21:313:57":154,"s:314:6:314:Infinity":155,"s:316:6:316:Infinity":156,"s:317:6:317:Infinity":157,"s:321:0:333:Infinity":158,"f:325:10:325:17":24,"s:326:4:331:Infinity":159,"s:327:21:327:62":160,"s:328:6:328:Infinity":161,"s:330:6:330:Infinity":162,"s:331:6:331:Infinity":163,"s:335:0:353:Infinity":164,"f:340:10:340:17":25,"s:341:4:351:Infinity":165,"s:342:21:342:33":166,"s:343:21:347:8":167,"b:346:15:346:32:346:32:346:58:346:58:346:Infinity":25,"s:348:6:348:Infinity":168,"s:350:6:350:Infinity":169,"s:351:6:351:Infinity":170,"s:355:0:366:Infinity":171,"f:358:10:358:22":26,"s:359:4:364:Infinity":172,"s:360:21:360:58":173,"s:361:6:361:Infinity":174,"s:363:6:363:Infinity":175,"s:364:6:364:Infinity":176,"s:368:0:379:Infinity":177,"f:371:10:371:22":27,"s:372:4:377:Infinity":178,"s:373:21:373:57":179,"s:374:6:374:Infinity":180,"s:376:6:376:Infinity":181,"s:377:6:377:Infinity":182,"s:381:0:392:Infinity":183,"f:384:10:384:22":28,"s:385:4:390:Infinity":184,"s:386:21:386:56":185,"s:387:6:387:Infinity":186,"s:389:6:389:Infinity":187,"s:390:6:390:Infinity":188,"s:394:0:405:Infinity":189,"f:397:10:397:22":29,"s:398:4:403:Infinity":190,"s:399:21:399:57":191,"s:400:6:400:Infinity":192,"s:402:6:402:Infinity":193,"s:403:6:403:Infinity":194,"s:407:0:418:Infinity":195,"f:410:10:410:22":30,"s:411:4:416:Infinity":196,"s:412:21:412:58":197,"s:413:6:413:Infinity":198,"s:415:6:415:Infinity":199,"s:416:6:416:Infinity":200,"s:420:0:431:Infinity":201,"f:423:10:423:22":31,"s:424:4:429:Infinity":202,"s:425:21:425:57":203,"s:426:6:426:Infinity":204,"s:428:6:428:Infinity":205,"s:429:6:429:Infinity":206,"s:433:0:475:Infinity":207,"f:438:10:438:17":32,"s:439:25:439:Infinity":208,"s:440:4:473:Infinity":209,"s:441:20:441:Infinity":210,"b:444:6:453:Infinity:452:13:453:Infinity":26,"s:444:6:453:Infinity":211,"s:445:23:445:60":212,"b:446:8:450:Infinity:448:15:450:Infinity":27,"s:446:8:450:Infinity":213,"b:446:12:446:32:446:32:446:50":28,"s:447:10:447:Infinity":214,"s:449:10:449:Infinity":215,"s:450:10:450:Infinity":216,"s:453:8:453:Infinity":217,"s:457:6:464:Infinity":218,"s:458:23:458:60":219,"b:459:8:462:Infinity:undefined:undefined:undefined:undefined":29,"s:459:8:462:Infinity":220,"b:459:12:459:32:459:32:459:62":30,"s:460:25:460:70":221,"s:461:10:461:Infinity":222,"s:462:10:462:Infinity":223,"s:469:23:469:57":224,"s:470:6:470:Infinity":225,"s:472:6:472:Infinity":226,"s:473:6:473:Infinity":227,"s:477:0:477:Infinity":228}}}
,"/Users/andrew/.openclaw/workspace-andrew/discord-tool/packages/server/src/index.ts": {"path":"/Users/andrew/.openclaw/workspace-andrew/discord-tool/packages/server/src/index.ts","statementMap":{"0":{"start":{"line":10,"column":19},"end":{"line":10,"column":69}},"1":{"start":{"line":11,"column":20},"end":{"line":11,"column":null}},"2":{"start":{"line":12,"column":16},"end":{"line":12,"column":58}},"3":{"start":{"line":19,"column":21},"end":{"line":19,"column":57}},"4":{"start":{"line":20,"column":2},"end":{"line":21,"column":null}},"5":{"start":{"line":21,"column":4},"end":{"line":21,"column":null}},"6":{"start":{"line":23,"column":2},"end":{"line":23,"column":null}},"7":{"start":{"line":45,"column":27},"end":{"line":54,"column":null}},"8":{"start":{"line":56,"column":27},"end":{"line":56,"column":null}},"9":{"start":{"line":57,"column":23},"end":{"line":57,"column":null}},"10":{"start":{"line":58,"column":18},"end":{"line":58,"column":null}},"11":{"start":{"line":59,"column":44},"end":{"line":59,"column":null}},"12":{"start":{"line":62,"column":20},"end":{"line":62,"column":null}},"13":{"start":{"line":63,"column":2},"end":{"line":65,"column":null}},"14":{"start":{"line":64,"column":4},"end":{"line":64,"column":null}},"15":{"start":{"line":65,"column":4},"end":{"line":65,"column":null}},"16":{"start":{"line":68,"column":2},"end":{"line":68,"column":null}},"17":{"start":{"line":70,"column":17},"end":{"line":70,"column":29}},"18":{"start":{"line":71,"column":2},"end":{"line":71,"column":null}},"19":{"start":{"line":74,"column":2},"end":{"line":74,"column":null}},"20":{"start":{"line":77,"column":2},"end":{"line":77,"column":null}},"21":{"start":{"line":80,"column":2},"end":{"line":80,"column":null}},"22":{"start":{"line":83,"column":8},"end":{"line":85,"column":null}},"23":{"start":{"line":84,"column":4},"end":{"line":85,"column":null}},"24":{"start":{"line":85,"column":6},"end":{"line":85,"column":null}},"25":{"start":{"line":88,"column":2},"end":{"line":88,"column":null}},"26":{"start":{"line":89,"column":2},"end":{"line":89,"column":null}},"27":{"start":{"line":90,"column":2},"end":{"line":90,"column":null}},"28":{"start":{"line":92,"column":2},"end":{"line":92,"column":null}},"29":{"start":{"line":94,"column":2},"end":{"line":99,"column":null}},"30":{"start":{"line":101,"column":2},"end":{"line":180,"column":null}},"31":{"start":{"line":102,"column":4},"end":{"line":102,"column":null}},"32":{"start":{"line":104,"column":20},"end":{"line":104,"column":58}},"33":{"start":{"line":105,"column":4},"end":{"line":107,"column":null}},"34":{"start":{"line":106,"column":6},"end":{"line":106,"column":null}},"35":{"start":{"line":107,"column":6},"end":{"line":107,"column":null}},"36":{"start":{"line":110,"column":25},"end":{"line":110,"column":null}},"37":{"start":{"line":111,"column":4},"end":{"line":111,"column":null}},"38":{"start":{"line":112,"column":4},"end":{"line":112,"column":null}},"39":{"start":{"line":113,"column":4},"end":{"line":113,"column":null}},"40":{"start":{"line":115,"column":4},"end":{"line":115,"column":null}},"41":{"start":{"line":117,"column":18},"end":{"line":117,"column":56}},"42":{"start":{"line":118,"column":4},"end":{"line":120,"column":null}},"43":{"start":{"line":119,"column":6},"end":{"line":119,"column":null}},"44":{"start":{"line":120,"column":6},"end":{"line":120,"column":null}},"45":{"start":{"line":123,"column":4},"end":{"line":123,"column":null}},"46":{"start":{"line":125,"column":4},"end":{"line":125,"column":null}},"47":{"start":{"line":127,"column":4},"end":{"line":178,"column":null}},"48":{"start":{"line":128,"column":6},"end":{"line":134,"column":null}},"49":{"start":{"line":136,"column":6},"end":{"line":136,"column":null}},"50":{"start":{"line":137,"column":6},"end":{"line":137,"column":null}},"51":{"start":{"line":140,"column":6},"end":{"line":142,"column":null}},"52":{"start":{"line":141,"column":8},"end":{"line":141,"column":null}},"53":{"start":{"line":144,"column":6},"end":{"line":146,"column":null}},"54":{"start":{"line":145,"column":8},"end":{"line":145,"column":null}},"55":{"start":{"line":149,"column":6},"end":{"line":149,"column":null}},"56":{"start":{"line":149,"column":51},"end":{"line":149,"column":85}},"57":{"start":{"line":150,"column":6},"end":{"line":150,"column":null}},"58":{"start":{"line":150,"column":50},"end":{"line":150,"column":86}},"59":{"start":{"line":151,"column":6},"end":{"line":153,"column":null}},"60":{"start":{"line":152,"column":8},"end":{"line":152,"column":null}},"61":{"start":{"line":156,"column":6},"end":{"line":159,"column":null}},"62":{"start":{"line":157,"column":8},"end":{"line":157,"column":null}},"63":{"start":{"line":158,"column":8},"end":{"line":158,"column":null}},"64":{"start":{"line":161,"column":6},"end":{"line":164,"column":null}},"65":{"start":{"line":162,"column":8},"end":{"line":162,"column":null}},"66":{"start":{"line":163,"column":8},"end":{"line":163,"column":null}},"67":{"start":{"line":166,"column":6},"end":{"line":166,"column":null}},"68":{"start":{"line":167,"column":6},"end":{"line":167,"column":null}},"69":{"start":{"line":169,"column":6},"end":{"line":169,"column":null}},"70":{"start":{"line":170,"column":6},"end":{"line":170,"column":null}},"71":{"start":{"line":173,"column":6},"end":{"line":174,"column":null}},"72":{"start":{"line":174,"column":8},"end":{"line":174,"column":null}},"73":{"start":{"line":177,"column":6},"end":{"line":177,"column":null}},"74":{"start":{"line":178,"column":6},"end":{"line":178,"column":null}},"75":{"start":{"line":182,"column":2},"end":{"line":182,"column":null}},"76":{"start":{"line":186,"column":2},"end":{"line":187,"column":null}},"77":{"start":{"line":187,"column":4},"end":{"line":187,"column":null}},"78":{"start":{"line":190,"column":8},"end":{"line":209,"column":null}},"79":{"start":{"line":191,"column":4},"end":{"line":191,"column":null}},"80":{"start":{"line":193,"column":17},"end":{"line":193,"column":null}},"81":{"start":{"line":194,"column":4},"end":{"line":204,"column":null}},"82":{"start":{"line":195,"column":6},"end":{"line":195,"column":null}},"83":{"start":{"line":196,"column":20},"end":{"line":196,"column":38}},"84":{"start":{"line":197,"column":6},"end":{"line":197,"column":null}},"85":{"start":{"line":199,"column":6},"end":{"line":201,"column":null}},"86":{"start":{"line":200,"column":8},"end":{"line":201,"column":null}},"87":{"start":{"line":201,"column":10},"end":{"line":201,"column":null}},"88":{"start":{"line":206,"column":4},"end":{"line":208,"column":null}},"89":{"start":{"line":207,"column":6},"end":{"line":207,"column":null}},"90":{"start":{"line":211,"column":2},"end":{"line":211,"column":null}},"91":{"start":{"line":212,"column":2},"end":{"line":212,"column":null}},"92":{"start":{"line":216,"column":2},"end":{"line":387,"column":null}},"93":{"start":{"line":217,"column":16},"end":{"line":217,"column":32}},"94":{"start":{"line":218,"column":4},"end":{"line":218,"column":null}},"95":{"start":{"line":222,"column":4},"end":{"line":381,"column":null}},"96":{"start":{"line":224,"column":8},"end":{"line":237,"column":null}},"97":{"start":{"line":238,"column":8},"end":{"line":238,"column":null}},"98":{"start":{"line":241,"column":8},"end":{"line":241,"column":null}},"99":{"start":{"line":242,"column":8},"end":{"line":242,"column":null}},"100":{"start":{"line":245,"column":8},"end":{"line":260,"column":null}},"101":{"start":{"line":246,"column":10},"end":{"line":246,"column":null}},"102":{"start":{"line":247,"column":19},"end":{"line":260,"column":null}},"103":{"start":{"line":248,"column":10},"end":{"line":248,"column":null}},"104":{"start":{"line":250,"column":39},"end":{"line":254,"column":null}},"105":{"start":{"line":255,"column":10},"end":{"line":255,"column":null}},"106":{"start":{"line":256,"column":10},"end":{"line":256,"column":null}},"107":{"start":{"line":259,"column":10},"end":{"line":260,"column":null}},"108":{"start":{"line":260,"column":12},"end":{"line":260,"column":null}},"109":{"start":{"line":263,"column":8},"end":{"line":263,"column":null}},"110":{"start":{"line":266,"column":8},"end":{"line":280,"column":null}},"111":{"start":{"line":267,"column":10},"end":{"line":267,"column":null}},"112":{"start":{"line":269,"column":39},"end":{"line":274,"column":null}},"113":{"start":{"line":275,"column":10},"end":{"line":275,"column":null}},"114":{"start":{"line":276,"column":10},"end":{"line":276,"column":null}},"115":{"start":{"line":279,"column":10},"end":{"line":280,"column":null}},"116":{"start":{"line":280,"column":12},"end":{"line":280,"column":null}},"117":{"start":{"line":283,"column":8},"end":{"line":283,"column":null}},"118":{"start":{"line":286,"column":8},"end":{"line":290,"column":null}},"119":{"start":{"line":287,"column":10},"end":{"line":287,"column":null}},"120":{"start":{"line":288,"column":10},"end":{"line":288,"column":null}},"121":{"start":{"line":290,"column":10},"end":{"line":290,"column":null}},"122":{"start":{"line":292,"column":8},"end":{"line":292,"column":null}},"123":{"start":{"line":295,"column":8},"end":{"line":300,"column":null}},"124":{"start":{"line":296,"column":10},"end":{"line":296,"column":null}},"125":{"start":{"line":297,"column":10},"end":{"line":297,"column":null}},"126":{"start":{"line":298,"column":10},"end":{"line":298,"column":null}},"127":{"start":{"line":300,"column":10},"end":{"line":300,"column":null}},"128":{"start":{"line":302,"column":8},"end":{"line":302,"column":null}},"129":{"start":{"line":305,"column":8},"end":{"line":310,"column":null}},"130":{"start":{"line":306,"column":10},"end":{"line":306,"column":null}},"131":{"start":{"line":307,"column":10},"end":{"line":307,"column":null}},"132":{"start":{"line":308,"column":10},"end":{"line":308,"column":null}},"133":{"start":{"line":310,"column":10},"end":{"line":310,"column":null}},"134":{"start":{"line":312,"column":8},"end":{"line":312,"column":null}},"135":{"start":{"line":315,"column":8},"end":{"line":315,"column":null}},"136":{"start":{"line":316,"column":8},"end":{"line":316,"column":null}},"137":{"start":{"line":317,"column":8},"end":{"line":317,"column":null}},"138":{"start":{"line":320,"column":8},"end":{"line":348,"column":null}},"139":{"start":{"line":321,"column":10},"end":{"line":321,"column":null}},"140":{"start":{"line":323,"column":24},"end":{"line":323,"column":62}},"141":{"start":{"line":324,"column":10},"end":{"line":348,"column":null}},"142":{"start":{"line":325,"column":12},"end":{"line":325,"column":null}},"143":{"start":{"line":328,"column":34},"end":{"line":329,"column":null}},"144":{"start":{"line":329,"column":27},"end":{"line":329,"column":null}},"145":{"start":{"line":332,"column":29},"end":{"line":346,"column":null}},"146":{"start":{"line":333,"column":34},"end":{"line":334,"column":null}},"147":{"start":{"line":334,"column":29},"end":{"line":334,"column":null}},"148":{"start":{"line":336,"column":28},"end":{"line":340,"column":17}},"149":{"start":{"line":336,"column":58},"end":{"line":340,"column":17}},"150":{"start":{"line":341,"column":14},"end":{"line":345,"column":null}},"151":{"start":{"line":348,"column":12},"end":{"line":348,"column":null}},"152":{"start":{"line":351,"column":8},"end":{"line":351,"column":null}},"153":{"start":{"line":354,"column":8},"end":{"line":356,"column":null}},"154":{"start":{"line":355,"column":10},"end":{"line":355,"column":null}},"155":{"start":{"line":356,"column":10},"end":{"line":356,"column":null}},"156":{"start":{"line":358,"column":8},"end":{"line":358,"column":null}},"157":{"start":{"line":359,"column":8},"end":{"line":359,"column":null}},"158":{"start":{"line":360,"column":8},"end":{"line":360,"column":null}},"159":{"start":{"line":362,"column":8},"end":{"line":364,"column":null}},"160":{"start":{"line":363,"column":10},"end":{"line":363,"column":null}},"161":{"start":{"line":364,"column":10},"end":{"line":364,"column":null}},"162":{"start":{"line":367,"column":8},"end":{"line":367,"column":null}},"163":{"start":{"line":370,"column":8},"end":{"line":371,"column":null}},"164":{"start":{"line":371,"column":10},"end":{"line":371,"column":null}},"165":{"start":{"line":375,"column":8},"end":{"line":377,"column":null}},"166":{"start":{"line":376,"column":10},"end":{"line":376,"column":null}},"167":{"start":{"line":378,"column":8},"end":{"line":378,"column":null}},"168":{"start":{"line":381,"column":8},"end":{"line":381,"column":null}},"169":{"start":{"line":384,"column":4},"end":{"line":384,"column":null}},"170":{"start":{"line":386,"column":4},"end":{"line":386,"column":null}},"171":{"start":{"line":387,"column":4},"end":{"line":387,"column":null}},"172":{"start":{"line":393,"column":2},"end":{"line":396,"column":null}},"173":{"start":{"line":394,"column":4},"end":{"line":394,"column":null}},"174":{"start":{"line":396,"column":4},"end":{"line":396,"column":null}},"175":{"start":{"line":400,"column":2},"end":{"line":402,"column":null}},"176":{"start":{"line":401,"column":4},"end":{"line":401,"column":null}},"177":{"start":{"line":402,"column":4},"end":{"line":402,"column":null}},"178":{"start":{"line":405,"column":2},"end":{"line":408,"column":null}},"179":{"start":{"line":406,"column":4},"end":{"line":406,"column":null}},"180":{"start":{"line":407,"column":4},"end":{"line":407,"column":null}},"181":{"start":{"line":408,"column":4},"end":{"line":408,"column":null}},"182":{"start":{"line":411,"column":15},"end":{"line":411,"column":34}},"183":{"start":{"line":412,"column":2},"end":{"line":412,"column":null}},"184":{"start":{"line":413,"column":2},"end":{"line":413,"column":null}},"185":{"start":{"line":415,"column":2},"end":{"line":446,"column":null}},"186":{"start":{"line":418,"column":4},"end":{"line":426,"column":null}},"187":{"start":{"line":419,"column":6},"end":{"line":419,"column":null}},"188":{"start":{"line":420,"column":15},"end":{"line":426,"column":null}},"189":{"start":{"line":422,"column":6},"end":{"line":422,"column":null}},"190":{"start":{"line":424,"column":6},"end":{"line":424,"column":null}},"191":{"start":{"line":425,"column":6},"end":{"line":425,"column":null}},"192":{"start":{"line":426,"column":6},"end":{"line":426,"column":null}},"193":{"start":{"line":430,"column":4},"end":{"line":435,"column":null}},"194":{"start":{"line":431,"column":6},"end":{"line":435,"column":null}},"195":{"start":{"line":432,"column":8},"end":{"line":433,"column":null}},"196":{"start":{"line":433,"column":10},"end":{"line":433,"column":null}},"197":{"start":{"line":439,"column":4},"end":{"line":439,"column":null}},"198":{"start":{"line":441,"column":4},"end":{"line":441,"column":null}},"199":{"start":{"line":442,"column":4},"end":{"line":442,"column":null}},"200":{"start":{"line":445,"column":4},"end":{"line":445,"column":null}},"201":{"start":{"line":446,"column":4},"end":{"line":446,"column":null}},"202":{"start":{"line":451,"column":21},"end":{"line":451,"column":66}},"203":{"start":{"line":453,"column":2},"end":{"line":453,"column":null}},"204":{"start":{"line":455,"column":14},"end":{"line":455,"column":46}},"205":{"start":{"line":456,"column":17},"end":{"line":456,"column":35}},"206":{"start":{"line":458,"column":27},"end":{"line":458,"column":29}},"207":{"start":{"line":459,"column":2},"end":{"line":461,"column":null}},"208":{"start":{"line":460,"column":4},"end":{"line":461,"column":null}},"209":{"start":{"line":461,"column":6},"end":{"line":461,"column":null}},"210":{"start":{"line":465,"column":17},"end":{"line":465,"column":38}},"211":{"start":{"line":466,"column":2},"end":{"line":466,"column":null}},"212":{"start":{"line":468,"column":2},"end":{"line":468,"column":null}},"213":{"start":{"line":469,"column":2},"end":{"line":469,"column":null}},"214":{"start":{"line":472,"column":0},"end":{"line":475,"column":null}},"215":{"start":{"line":473,"column":2},"end":{"line":473,"column":null}},"216":{"start":{"line":474,"column":2},"end":{"line":474,"column":null}}},"fnMap":{"0":{"name":"loadConfig","decl":{"start":{"line":18,"column":9},"end":{"line":18,"column":30}},"loc":{"start":{"line":18,"column":30},"end":{"line":23,"column":null}},"line":18},"1":{"name":"main","decl":{"start":{"line":61,"column":15},"end":{"line":61,"column":22}},"loc":{"start":{"line":61,"column":22},"end":{"line":182,"column":null}},"line":61},"2":{"name":"(anonymous_2)","decl":{"start":{"line":83,"column":8},"end":{"line":83,"column":24}},"loc":{"start":{"line":83,"column":24},"end":{"line":85,"column":null}},"line":83},"3":{"name":"(anonymous_3)","decl":{"start":{"line":101,"column":23},"end":{"line":101,"column":35}},"loc":{"start":{"line":101,"column":35},"end":{"line":180,"column":null}},"line":101},"4":{"name":"(anonymous_4)","decl":{"start":{"line":140,"column":21},"end":{"line":140,"column":37}},"loc":{"start":{"line":140,"column":70},"end":{"line":142,"column":null}},"line":140},"5":{"name":"(anonymous_5)","decl":{"start":{"line":144,"column":21},"end":{"line":144,"column":34}},"loc":{"start":{"line":144,"column":52},"end":{"line":146,"column":null}},"line":144},"6":{"name":"(anonymous_6)","decl":{"start":{"line":149,"column":25},"end":{"line":149,"column":35}},"loc":{"start":{"line":149,"column":51},"end":{"line":149,"column":85}},"line":149},"7":{"name":"(anonymous_7)","decl":{"start":{"line":150,"column":25},"end":{"line":150,"column":35}},"loc":{"start":{"line":150,"column":50},"end":{"line":150,"column":86}},"line":150},"8":{"name":"(anonymous_8)","decl":{"start":{"line":151,"column":25},"end":{"line":151,"column":41}},"loc":{"start":{"line":151,"column":74},"end":{"line":153,"column":null}},"line":151},"9":{"name":"(anonymous_9)","decl":{"start":{"line":156,"column":21},"end":{"line":156,"column":35}},"loc":{"start":{"line":156,"column":35},"end":{"line":159,"column":null}},"line":156},"10":{"name":"(anonymous_10)","decl":{"start":{"line":161,"column":21},"end":{"line":161,"column":31}},"loc":{"start":{"line":161,"column":48},"end":{"line":164,"column":null}},"line":161},"11":{"name":"setupUnixSocket","decl":{"start":{"line":185,"column":15},"end":{"line":185,"column":48}},"loc":{"start":{"line":185,"column":48},"end":{"line":212,"column":null}},"line":185},"12":{"name":"(anonymous_12)","decl":{"start":{"line":190,"column":17},"end":{"line":190,"column":35}},"loc":{"start":{"line":190,"column":54},"end":{"line":209,"column":null}},"line":190},"13":{"name":"(anonymous_13)","decl":{"start":{"line":194,"column":14},"end":{"line":194,"column":23}},"loc":{"start":{"line":194,"column":40},"end":{"line":204,"column":null}},"line":194},"14":{"name":"(anonymous_14)","decl":{"start":{"line":206,"column":14},"end":{"line":206,"column":29}},"loc":{"start":{"line":206,"column":29},"end":{"line":208,"column":null}},"line":206},"15":{"name":"handleCommand","decl":{"start":{"line":215,"column":9},"end":{"line":215,"column":23}},"loc":{"start":{"line":215,"column":59},"end":{"line":387,"column":null}},"line":215},"16":{"name":"(anonymous_16)","decl":{"start":{"line":328,"column":55},"end":{"line":328,"column":null}},"loc":{"start":{"line":329,"column":27},"end":{"line":329,"column":null}},"line":329},"17":{"name":"(anonymous_17)","decl":{"start":{"line":332,"column":43},"end":{"line":332,"column":48}},"loc":{"start":{"line":332,"column":60},"end":{"line":346,"column":null}},"line":332},"18":{"name":"(anonymous_18)","decl":{"start":{"line":333,"column":58},"end":{"line":333,"column":null}},"loc":{"start":{"line":334,"column":29},"end":{"line":334,"column":null}},"line":334},"19":{"name":"(anonymous_19)","decl":{"start":{"line":336,"column":40},"end":{"line":336,"column":45}},"loc":{"start":{"line":336,"column":58},"end":{"line":340,"column":17}},"line":336},"20":{"name":"(anonymous_20)","decl":{"start":{"line":375,"column":8},"end":{"line":375,"column":25}},"loc":{"start":{"line":375,"column":25},"end":{"line":377,"column":15}},"line":375},"21":{"name":"playNextInQueue","decl":{"start":{"line":391,"column":15},"end":{"line":391,"column":48}},"loc":{"start":{"line":391,"column":48},"end":{"line":446,"column":null}},"line":391},"22":{"name":"(anonymous_22)","decl":{"start":{"line":431,"column":6},"end":{"line":431,"column":23}},"loc":{"start":{"line":431,"column":23},"end":{"line":435,"column":15}},"line":431},"23":{"name":"(anonymous_23)","decl":{"start":{"line":433,"column":20},"end":{"line":433,"column":37}},"loc":{"start":{"line":433,"column":37},"end":{"line":433,"column":40}},"line":433},"24":{"name":"generateTTS","decl":{"start":{"line":450,"column":15},"end":{"line":450,"column":27}},"loc":{"start":{"line":450,"column":73},"end":{"line":469,"column":null}},"line":450},"25":{"name":"(anonymous_25)","decl":{"start":{"line":472,"column":7},"end":{"line":472,"column":13}},"loc":{"start":{"line":472,"column":20},"end":{"line":475,"column":null}},"line":472}},"branchMap":{"0":{"loc":{"start":{"line":20,"column":2},"end":{"line":21,"column":null}},"type":"if","locations":[{"start":{"line":20,"column":2},"end":{"line":21,"column":null}},{"start":{},"end":{}}],"line":20},"1":{"loc":{"start":{"line":63,"column":2},"end":{"line":65,"column":null}},"type":"if","locations":[{"start":{"line":63,"column":2},"end":{"line":65,"column":null}},{"start":{},"end":{}}],"line":63},"2":{"loc":{"start":{"line":84,"column":4},"end":{"line":85,"column":null}},"type":"if","locations":[{"start":{"line":84,"column":4},"end":{"line":85,"column":null}},{"start":{},"end":{}}],"line":84},"3":{"loc":{"start":{"line":105,"column":4},"end":{"line":107,"column":null}},"type":"if","locations":[{"start":{"line":105,"column":4},"end":{"line":107,"column":null}},{"start":{},"end":{}}],"line":105},"4":{"loc":{"start":{"line":105,"column":8},"end":{"line":105,"column":43}},"type":"binary-expr","locations":[{"start":{"line":105,"column":8},"end":{"line":105,"column":20}},{"start":{"line":105,"column":20},"end":{"line":105,"column":43}}],"line":105},"5":{"loc":{"start":{"line":118,"column":4},"end":{"line":120,"column":null}},"type":"if","locations":[{"start":{"line":118,"column":4},"end":{"line":120,"column":null}},{"start":{},"end":{}}],"line":118},"6":{"loc":{"start":{"line":173,"column":6},"end":{"line":174,"column":null}},"type":"if","locations":[{"start":{"line":173,"column":6},"end":{"line":174,"column":null}},{"start":{},"end":{}}],"line":173},"7":{"loc":{"start":{"line":186,"column":2},"end":{"line":187,"column":null}},"type":"if","locations":[{"start":{"line":186,"column":2},"end":{"line":187,"column":null}},{"start":{},"end":{}}],"line":186},"8":{"loc":{"start":{"line":197,"column":15},"end":{"line":197,"column":null}},"type":"binary-expr","locations":[{"start":{"line":197,"column":15},"end":{"line":197,"column":26}},{"start":{"line":197,"column":30},"end":{"line":197,"column":null}}],"line":197},"9":{"loc":{"start":{"line":200,"column":8},"end":{"line":201,"column":null}},"type":"if","locations":[{"start":{"line":200,"column":8},"end":{"line":201,"column":null}},{"start":{},"end":{}}],"line":200},"10":{"loc":{"start":{"line":222,"column":4},"end":{"line":381,"column":null}},"type":"switch","locations":[{"start":{"line":223,"column":6},"end":{"line":238,"column":null}},{"start":{"line":240,"column":6},"end":{"line":242,"column":null}},{"start":{"line":244,"column":6},"end":{"line":263,"column":null}},{"start":{"line":265,"column":6},"end":{"line":283,"column":null}},{"start":{"line":285,"column":6},"end":{"line":292,"column":null}},{"start":{"line":294,"column":6},"end":{"line":302,"column":null}},{"start":{"line":304,"column":6},"end":{"line":312,"column":null}},{"start":{"line":314,"column":6},"end":{"line":317,"column":null}},{"start":{"line":319,"column":6},"end":{"line":351,"column":null}},{"start":{"line":353,"column":6},"end":{"line":378,"column":null}},{"start":{"line":380,"column":6},"end":{"line":381,"column":null}}],"line":222},"11":{"loc":{"start":{"line":245,"column":8},"end":{"line":260,"column":null}},"type":"if","locations":[{"start":{"line":245,"column":8},"end":{"line":260,"column":null}},{"start":{"line":247,"column":19},"end":{"line":260,"column":null}}],"line":245},"12":{"loc":{"start":{"line":247,"column":19},"end":{"line":260,"column":null}},"type":"if","locations":[{"start":{"line":247,"column":19},"end":{"line":260,"column":null}},{"start":{"line":249,"column":15},"end":{"line":260,"column":null}}],"line":247},"13":{"loc":{"start":{"line":259,"column":10},"end":{"line":260,"column":null}},"type":"if","locations":[{"start":{"line":259,"column":10},"end":{"line":260,"column":null}},{"start":{},"end":{}}],"line":259},"14":{"loc":{"start":{"line":266,"column":8},"end":{"line":280,"column":null}},"type":"if","locations":[{"start":{"line":266,"column":8},"end":{"line":280,"column":null}},{"start":{"line":268,"column":15},"end":{"line":280,"column":null}}],"line":266},"15":{"loc":{"start":{"line":273,"column":19},"end":{"line":273,"column":null}},"type":"binary-expr","locations":[{"start":{"line":273,"column":19},"end":{"line":273,"column":32}},{"start":{"line":273,"column":32},"end":{"line":273,"column":null}}],"line":273},"16":{"loc":{"start":{"line":279,"column":10},"end":{"line":280,"column":null}},"type":"if","locations":[{"start":{"line":279,"column":10},"end":{"line":280,"column":null}},{"start":{},"end":{}}],"line":279},"17":{"loc":{"start":{"line":286,"column":8},"end":{"line":290,"column":null}},"type":"if","locations":[{"start":{"line":286,"column":8},"end":{"line":290,"column":null}},{"start":{"line":289,"column":15},"end":{"line":290,"column":null}}],"line":286},"18":{"loc":{"start":{"line":295,"column":8},"end":{"line":300,"column":null}},"type":"if","locations":[{"start":{"line":295,"column":8},"end":{"line":300,"column":null}},{"start":{"line":299,"column":15},"end":{"line":300,"column":null}}],"line":295},"19":{"loc":{"start":{"line":305,"column":8},"end":{"line":310,"column":null}},"type":"if","locations":[{"start":{"line":305,"column":8},"end":{"line":310,"column":null}},{"start":{"line":309,"column":15},"end":{"line":310,"column":null}}],"line":305},"20":{"loc":{"start":{"line":320,"column":8},"end":{"line":348,"column":null}},"type":"if","locations":[{"start":{"line":320,"column":8},"end":{"line":348,"column":null}},{"start":{"line":322,"column":15},"end":{"line":348,"column":null}}],"line":320},"21":{"loc":{"start":{"line":320,"column":12},"end":{"line":320,"column":48}},"type":"binary-expr","locations":[{"start":{"line":320,"column":12},"end":{"line":320,"column":32}},{"start":{"line":320,"column":32},"end":{"line":320,"column":48}}],"line":320},"22":{"loc":{"start":{"line":324,"column":10},"end":{"line":348,"column":null}},"type":"if","locations":[{"start":{"line":324,"column":10},"end":{"line":348,"column":null}},{"start":{"line":326,"column":17},"end":{"line":348,"column":null}}],"line":324},"23":{"loc":{"start":{"line":338,"column":26},"end":{"line":338,"column":null}},"type":"binary-expr","locations":[{"start":{"line":338,"column":26},"end":{"line":338,"column":55}},{"start":{"line":338,"column":55},"end":{"line":338,"column":null}}],"line":338},"24":{"loc":{"start":{"line":339,"column":22},"end":{"line":339,"column":null}},"type":"binary-expr","locations":[{"start":{"line":339,"column":22},"end":{"line":339,"column":41}},{"start":{"line":339,"column":41},"end":{"line":339,"column":null}}],"line":339},"25":{"loc":{"start":{"line":354,"column":8},"end":{"line":356,"column":null}},"type":"if","locations":[{"start":{"line":354,"column":8},"end":{"line":356,"column":null}},{"start":{},"end":{}}],"line":354},"26":{"loc":{"start":{"line":362,"column":8},"end":{"line":364,"column":null}},"type":"if","locations":[{"start":{"line":362,"column":8},"end":{"line":364,"column":null}},{"start":{},"end":{}}],"line":362},"27":{"loc":{"start":{"line":370,"column":8},"end":{"line":371,"column":null}},"type":"if","locations":[{"start":{"line":370,"column":8},"end":{"line":371,"column":null}},{"start":{},"end":{}}],"line":370},"28":{"loc":{"start":{"line":393,"column":2},"end":{"line":396,"column":null}},"type":"if","locations":[{"start":{"line":393,"column":2},"end":{"line":396,"column":null}},{"start":{},"end":{}}],"line":393},"29":{"loc":{"start":{"line":400,"column":2},"end":{"line":402,"column":null}},"type":"if","locations":[{"start":{"line":400,"column":2},"end":{"line":402,"column":null}},{"start":{},"end":{}}],"line":400},"30":{"loc":{"start":{"line":405,"column":2},"end":{"line":408,"column":null}},"type":"if","locations":[{"start":{"line":405,"column":2},"end":{"line":408,"column":null}},{"start":{},"end":{}}],"line":405},"31":{"loc":{"start":{"line":418,"column":4},"end":{"line":426,"column":null}},"type":"if","locations":[{"start":{"line":418,"column":4},"end":{"line":426,"column":null}},{"start":{"line":420,"column":15},"end":{"line":426,"column":null}}],"line":418},"32":{"loc":{"start":{"line":418,"column":8},"end":{"line":418,"column":43}},"type":"binary-expr","locations":[{"start":{"line":418,"column":8},"end":{"line":418,"column":32}},{"start":{"line":418,"column":32},"end":{"line":418,"column":43}}],"line":418},"33":{"loc":{"start":{"line":420,"column":15},"end":{"line":426,"column":null}},"type":"if","locations":[{"start":{"line":420,"column":15},"end":{"line":426,"column":null}},{"start":{"line":423,"column":11},"end":{"line":426,"column":null}}],"line":420},"34":{"loc":{"start":{"line":420,"column":15},"end":{"line":420,"column":49}},"type":"binary-expr","locations":[{"start":{"line":420,"column":15},"end":{"line":420,"column":38}},{"start":{"line":420,"column":38},"end":{"line":420,"column":49}}],"line":420},"35":{"loc":{"start":{"line":422,"column":47},"end":{"line":422,"column":80}},"type":"binary-expr","locations":[{"start":{"line":422,"column":47},"end":{"line":422,"column":61}},{"start":{"line":422,"column":61},"end":{"line":422,"column":80}}],"line":422},"36":{"loc":{"start":{"line":430,"column":4},"end":{"line":435,"column":null}},"type":"if","locations":[{"start":{"line":430,"column":4},"end":{"line":435,"column":null}},{"start":{},"end":{}}],"line":430},"37":{"loc":{"start":{"line":432,"column":8},"end":{"line":433,"column":null}},"type":"if","locations":[{"start":{"line":432,"column":8},"end":{"line":433,"column":null}},{"start":{},"end":{}}],"line":432},"38":{"loc":{"start":{"line":460,"column":4},"end":{"line":461,"column":null}},"type":"if","locations":[{"start":{"line":460,"column":4},"end":{"line":461,"column":null}},{"start":{},"end":{}}],"line":460}},"s":{"0":0,"1":0,"2":0,"3":0,"4":0,"5":0,"6":0,"7":0,"8":0,"9":0,"10":0,"11":0,"12":0,"13":0,"14":0,"15":0,"16":0,"17":0,"18":0,"19":0,"20":0,"21":0,"22":0,"23":0,"24":0,"25":0,"26":0,"27":0,"28":0,"29":0,"30":0,"31":0,"32":0,"33":0,"34":0,"35":0,"36":0,"37":0,"38":0,"39":0,"40":0,"41":0,"42":0,"43":0,"44":0,"45":0,"46":0,"47":0,"48":0,"49":0,"50":0,"51":0,"52":0,"53":0,"54":0,"55":0,"56":0,"57":0,"58":0,"59":0,"60":0,"61":0,"62":0,"63":0,"64":0,"65":0,"66":0,"67":0,"68":0,"69":0,"70":0,"71":0,"72":0,"73":0,"74":0,"75":0,"76":0,"77":0,"78":0,"79":0,"80":0,"81":0,"82":0,"83":0,"84":0,"85":0,"86":0,"87":0,"88":0,"89":0,"90":0,"91":0,"92":0,"93":0,"94":0,"95":0,"96":0,"97":0,"98":0,"99":0,"100":0,"101":0,"102":0,"103":0,"104":0,"105":0,"106":0,"107":0,"108":0,"109":0,"110":0,"111":0,"112":0,"113":0,"114":0,"115":0,"116":0,"117":0,"118":0,"119":0,"120":0,"121":0,"122":0,"123":0,"124":0,"125":0,"126":0,"127":0,"128":0,"129":0,"130":0,"131":0,"132":0,"133":0,"134":0,"135":0,"136":0,"137":0,"138":0,"139":0,"140":0,"141":0,"142":0,"143":0,"144":0,"145":0,"146":0,"147":0,"148":0,"149":0,"150":0,"151":0,"152":0,"153":0,"154":0,"155":0,"156":0,"157":0,"158":0,"159":0,"160":0,"161":0,"162":0,"163":0,"164":0,"165":0,"166":0,"167":0,"168":0,"169":0,"170":0,"171":0,"172":0,"173":0,"174":0,"175":0,"176":0,"177":0,"178":0,"179":0,"180":0,"181":0,"182":0,"183":0,"184":0,"185":0,"186":0,"187":0,"188":0,"189":0,"190":0,"191":0,"192":0,"193":0,"194":0,"195":0,"196":0,"197":0,"198":0,"199":0,"200":0,"201":0,"202":0,"203":0,"204":0,"205":0,"206":0,"207":0,"208":0,"209":0,"210":0,"211":0,"212":0,"213":0,"214":0,"215":0,"216":0},"f":{"0":0,"1":0,"2":0,"3":0,"4":0,"5":0,"6":0,"7":0,"8":0,"9":0,"10":0,"11":0,"12":0,"13":0,"14":0,"15":0,"16":0,"17":0,"18":0,"19":0,"20":0,"21":0,"22":0,"23":0,"24":0,"25":0},"b":{"0":[0,0],"1":[0,0],"2":[0,0],"3":[0,0],"4":[0,0],"5":[0,0],"6":[0,0],"7":[0,0],"8":[0,0],"9":[0,0],"10":[0,0,0,0,0,0,0,0,0,0,0],"11":[0,0],"12":[0,0],"13":[0,0],"14":[0,0],"15":[0,0],"16":[0,0],"17":[0,0],"18":[0,0],"19":[0,0],"20":[0,0],"21":[0,0],"22":[0,0],"23":[0,0],"24":[0,0],"25":[0,0],"26":[0,0],"27":[0,0],"28":[0,0],"29":[0,0],"30":[0,0],"31":[0,0],"32":[0,0],"33":[0,0],"34":[0,0],"35":[0,0],"36":[0,0],"37":[0,0],"38":[0,0]},"meta":{"lastBranch":39,"lastFunction":26,"lastStatement":217,"seen":{"s:10:19:10:69":0,"s:11:20:11:Infinity":1,"s:12:16:12:58":2,"f:18:9:18:30":0,"s:19:21:19:57":3,"b:20:2:21:Infinity:undefined:undefined:undefined:undefined":0,"s:20:2:21:Infinity":4,"s:21:4:21:Infinity":5,"s:23:2:23:Infinity":6,"s:45:27:54:Infinity":7,"s:56:27:56:Infinity":8,"s:57:23:57:Infinity":9,"s:58:18:58:Infinity":10,"s:59:44:59:Infinity":11,"f:61:15:61:22":1,"s:62:20:62:Infinity":12,"b:63:2:65:Infinity:undefined:undefined:undefined:undefined":1,"s:63:2:65:Infinity":13,"s:64:4:64:Infinity":14,"s:65:4:65:Infinity":15,"s:68:2:68:Infinity":16,"s:70:17:70:29":17,"s:71:2:71:Infinity":18,"s:74:2:74:Infinity":19,"s:77:2:77:Infinity":20,"s:80:2:80:Infinity":21,"s:83:8:85:Infinity":22,"f:83:8:83:24":2,"b:84:4:85:Infinity:undefined:undefined:undefined:undefined":2,"s:84:4:85:Infinity":23,"s:85:6:85:Infinity":24,"s:88:2:88:Infinity":25,"s:89:2:89:Infinity":26,"s:90:2:90:Infinity":27,"s:92:2:92:Infinity":28,"s:94:2:99:Infinity":29,"s:101:2:180:Infinity":30,"f:101:23:101:35":3,"s:102:4:102:Infinity":31,"s:104:20:104:58":32,"b:105:4:107:Infinity:undefined:undefined:undefined:undefined":3,"s:105:4:107:Infinity":33,"b:105:8:105:20:105:20:105:43":4,"s:106:6:106:Infinity":34,"s:107:6:107:Infinity":35,"s:110:25:110:Infinity":36,"s:111:4:111:Infinity":37,"s:112:4:112:Infinity":38,"s:113:4:113:Infinity":39,"s:115:4:115:Infinity":40,"s:117:18:117:56":41,"b:118:4:120:Infinity:undefined:undefined:undefined:undefined":5,"s:118:4:120:Infinity":42,"s:119:6:119:Infinity":43,"s:120:6:120:Infinity":44,"s:123:4:123:Infinity":45,"s:125:4:125:Infinity":46,"s:127:4:178:Infinity":47,"s:128:6:134:Infinity":48,"s:136:6:136:Infinity":49,"s:137:6:137:Infinity":50,"s:140:6:142:Infinity":51,"f:140:21:140:37":4,"s:141:8:141:Infinity":52,"s:144:6:146:Infinity":53,"f:144:21:144:34":5,"s:145:8:145:Infinity":54,"s:149:6:149:Infinity":55,"f:149:25:149:35":6,"s:149:51:149:85":56,"s:150:6:150:Infinity":57,"f:150:25:150:35":7,"s:150:50:150:86":58,"s:151:6:153:Infinity":59,"f:151:25:151:41":8,"s:152:8:152:Infinity":60,"s:156:6:159:Infinity":61,"f:156:21:156:35":9,"s:157:8:157:Infinity":62,"s:158:8:158:Infinity":63,"s:161:6:164:Infinity":64,"f:161:21:161:31":10,"s:162:8:162:Infinity":65,"s:163:8:163:Infinity":66,"s:166:6:166:Infinity":67,"s:167:6:167:Infinity":68,"s:169:6:169:Infinity":69,"s:170:6:170:Infinity":70,"b:173:6:174:Infinity:undefined:undefined:undefined:undefined":6,"s:173:6:174:Infinity":71,"s:174:8:174:Infinity":72,"s:177:6:177:Infinity":73,"s:178:6:178:Infinity":74,"s:182:2:182:Infinity":75,"f:185:15:185:48":11,"b:186:2:187:Infinity:undefined:undefined:undefined:undefined":7,"s:186:2:187:Infinity":76,"s:187:4:187:Infinity":77,"s:190:8:209:Infinity":78,"f:190:17:190:35":12,"s:191:4:191:Infinity":79,"s:193:17:193:Infinity":80,"s:194:4:204:Infinity":81,"f:194:14:194:23":13,"s:195:6:195:Infinity":82,"s:196:20:196:38":83,"s:197:6:197:Infinity":84,"b:197:15:197:26:197:30:197:Infinity":8,"s:199:6:201:Infinity":85,"b:200:8:201:Infinity:undefined:undefined:undefined:undefined":9,"s:200:8:201:Infinity":86,"s:201:10:201:Infinity":87,"s:206:4:208:Infinity":88,"f:206:14:206:29":14,"s:207:6:207:Infinity":89,"s:211:2:211:Infinity":90,"s:212:2:212:Infinity":91,"f:215:9:215:23":15,"s:216:2:387:Infinity":92,"s:217:16:217:32":93,"s:218:4:218:Infinity":94,"b:223:6:238:Infinity:240:6:242:Infinity:244:6:263:Infinity:265:6:283:Infinity:285:6:292:Infinity:294:6:302:Infinity:304:6:312:Infinity:314:6:317:Infinity:319:6:351:Infinity:353:6:378:Infinity:380:6:381:Infinity":10,"s:222:4:381:Infinity":95,"s:224:8:237:Infinity":96,"s:238:8:238:Infinity":97,"s:241:8:241:Infinity":98,"s:242:8:242:Infinity":99,"b:245:8:260:Infinity:247:19:260:Infinity":11,"s:245:8:260:Infinity":100,"s:246:10:246:Infinity":101,"b:247:19:260:Infinity:249:15:260:Infinity":12,"s:247:19:260:Infinity":102,"s:248:10:248:Infinity":103,"s:250:39:254:Infinity":104,"s:255:10:255:Infinity":105,"s:256:10:256:Infinity":106,"b:259:10:260:Infinity:undefined:undefined:undefined:undefined":13,"s:259:10:260:Infinity":107,"s:260:12:260:Infinity":108,"s:263:8:263:Infinity":109,"b:266:8:280:Infinity:268:15:280:Infinity":14,"s:266:8:280:Infinity":110,"s:267:10:267:Infinity":111,"s:269:39:274:Infinity":112,"b:273:19:273:32:273:32:273:Infinity":15,"s:275:10:275:Infinity":113,"s:276:10:276:Infinity":114,"b:279:10:280:Infinity:undefined:undefined:undefined:undefined":16,"s:279:10:280:Infinity":115,"s:280:12:280:Infinity":116,"s:283:8:283:Infinity":117,"b:286:8:290:Infinity:289:15:290:Infinity":17,"s:286:8:290:Infinity":118,"s:287:10:287:Infinity":119,"s:288:10:288:Infinity":120,"s:290:10:290:Infinity":121,"s:292:8:292:Infinity":122,"b:295:8:300:Infinity:299:15:300:Infinity":18,"s:295:8:300:Infinity":123,"s:296:10:296:Infinity":124,"s:297:10:297:Infinity":125,"s:298:10:298:Infinity":126,"s:300:10:300:Infinity":127,"s:302:8:302:Infinity":128,"b:305:8:310:Infinity:309:15:310:Infinity":19,"s:305:8:310:Infinity":129,"s:306:10:306:Infinity":130,"s:307:10:307:Infinity":131,"s:308:10:308:Infinity":132,"s:310:10:310:Infinity":133,"s:312:8:312:Infinity":134,"s:315:8:315:Infinity":135,"s:316:8:316:Infinity":136,"s:317:8:317:Infinity":137,"b:320:8:348:Infinity:322:15:348:Infinity":20,"s:320:8:348:Infinity":138,"b:320:12:320:32:320:32:320:48":21,"s:321:10:321:Infinity":139,"s:323:24:323:62":140,"b:324:10:348:Infinity:326:17:348:Infinity":22,"s:324:10:348:Infinity":141,"s:325:12:325:Infinity":142,"s:328:34:329:Infinity":143,"f:328:55:328:Infinity":16,"s:329:27:329:Infinity":144,"s:332:29:346:Infinity":145,"f:332:43:332:48":17,"s:333:34:334:Infinity":146,"f:333:58:333:Infinity":18,"s:334:29:334:Infinity":147,"s:336:28:340:17":148,"f:336:40:336:45":19,"s:336:58:340:17":149,"b:338:26:338:55:338:55:338:Infinity":23,"b:339:22:339:41:339:41:339:Infinity":24,"s:341:14:345:Infinity":150,"s:348:12:348:Infinity":151,"s:351:8:351:Infinity":152,"b:354:8:356:Infinity:undefined:undefined:undefined:undefined":25,"s:354:8:356:Infinity":153,"s:355:10:355:Infinity":154,"s:356:10:356:Infinity":155,"s:358:8:358:Infinity":156,"s:359:8:359:Infinity":157,"s:360:8:360:Infinity":158,"b:362:8:364:Infinity:undefined:undefined:undefined:undefined":26,"s:362:8:364:Infinity":159,"s:363:10:363:Infinity":160,"s:364:10:364:Infinity":161,"s:367:8:367:Infinity":162,"b:370:8:371:Infinity:undefined:undefined:undefined:undefined":27,"s:370:8:371:Infinity":163,"s:371:10:371:Infinity":164,"s:375:8:377:Infinity":165,"f:375:8:375:25":20,"s:376:10:376:Infinity":166,"s:378:8:378:Infinity":167,"s:381:8:381:Infinity":168,"s:384:4:384:Infinity":169,"s:386:4:386:Infinity":170,"s:387:4:387:Infinity":171,"f:391:15:391:48":21,"b:393:2:396:Infinity:undefined:undefined:undefined:undefined":28,"s:393:2:396:Infinity":172,"s:394:4:394:Infinity":173,"s:396:4:396:Infinity":174,"b:400:2:402:Infinity:undefined:undefined:undefined:undefined":29,"s:400:2:402:Infinity":175,"s:401:4:401:Infinity":176,"s:402:4:402:Infinity":177,"b:405:2:408:Infinity:undefined:undefined:undefined:undefined":30,"s:405:2:408:Infinity":178,"s:406:4:406:Infinity":179,"s:407:4:407:Infinity":180,"s:408:4:408:Infinity":181,"s:411:15:411:34":182,"s:412:2:412:Infinity":183,"s:413:2:413:Infinity":184,"s:415:2:446:Infinity":185,"b:418:4:426:Infinity:420:15:426:Infinity":31,"s:418:4:426:Infinity":186,"b:418:8:418:32:418:32:418:43":32,"s:419:6:419:Infinity":187,"b:420:15:426:Infinity:423:11:426:Infinity":33,"s:420:15:426:Infinity":188,"b:420:15:420:38:420:38:420:49":34,"s:422:6:422:Infinity":189,"b:422:47:422:61:422:61:422:80":35,"s:424:6:424:Infinity":190,"s:425:6:425:Infinity":191,"s:426:6:426:Infinity":192,"b:430:4:435:Infinity:undefined:undefined:undefined:undefined":36,"s:430:4:435:Infinity":193,"s:431:6:435:Infinity":194,"f:431:6:431:23":22,"b:432:8:433:Infinity:undefined:undefined:undefined:undefined":37,"s:432:8:433:Infinity":195,"s:433:10:433:Infinity":196,"f:433:20:433:37":23,"s:439:4:439:Infinity":197,"s:441:4:441:Infinity":198,"s:442:4:442:Infinity":199,"s:445:4:445:Infinity":200,"s:446:4:446:Infinity":201,"f:450:15:450:27":24,"s:451:21:451:66":202,"s:453:2:453:Infinity":203,"s:455:14:455:46":204,"s:456:17:456:35":205,"s:458:27:458:29":206,"s:459:2:461:Infinity":207,"b:460:4:461:Infinity:undefined:undefined:undefined:undefined":38,"s:460:4:461:Infinity":208,"s:461:6:461:Infinity":209,"s:465:17:465:38":210,"s:466:2:466:Infinity":211,"s:468:2:468:Infinity":212,"s:469:2:469:Infinity":213,"s:472:0:475:Infinity":214,"f:472:7:472:13":25,"s:473:2:473:Infinity":215,"s:474:2:474:Infinity":216}}}
}
